<?xml version="1.0" encoding="UTF-8"?>
<!-- Generated by org.testng.reporters.JUnitReportReporter -->
<testsuite hostname="DESKTOP-7F3VJB9" failures="0" tests="6" name="com.crm.qa.testcases.ContactsPageTest" time="75.009" errors="0" timestamp="2019-09-24T13:38:47 PDT" skipped="0">
  <testcase classname="com.crm.qa.testcases.ContactsPageTest" name="verifyContactsPageLabel" time="12.221"/>
  <testcase classname="com.crm.qa.testcases.ContactsPageTest" name="selectSingleContactTest" time="11.663"/>
  <testcase classname="com.crm.qa.testcases.ContactsPageTest" name="selectMultipleContactsTest" time="11.741"/>
  <testcase classname="com.crm.qa.testcases.ContactsPageTest" name="validateCreateNewContact" time="12.255"/>
  <testcase classname="com.crm.qa.testcases.ContactsPageTest" name="validateCreateNewContact" time="13.853"/>
  <testcase classname="com.crm.qa.testcases.ContactsPageTest" name="validateCreateNewContact" time="13.276"/>
</testsuite> <!-- com.crm.qa.testcases.ContactsPageTest -->
