<?xml version="1.0" encoding="UTF-8"?>
<!-- Generated by org.testng.reporters.JUnitReportReporter -->
<testsuite hostname="DESKTOP-7F3VJB9" failures="0" tests="3" name="com.crm.qa.testcases.LoginPageTest" time="20.621" errors="0" timestamp="19 Sep 2019 19:16:03 GMT" skipped="0">
  <testcase classname="com.crm.qa.testcases.LoginPageTest" name="loginPageTitleTest" time="6.258"/>
  <testcase classname="com.crm.qa.testcases.LoginPageTest" name="crmLogoImageTest" time="6.586"/>
  <testcase classname="com.crm.qa.testcases.LoginPageTest" name="loginTest" time="7.777"/>
</testsuite> <!-- com.crm.qa.testcases.LoginPageTest -->
