<?xml version="1.0" encoding="UTF-8"?>
<!-- Generated by org.testng.reporters.JUnitReportReporter -->
<testsuite hostname="DESKTOP-7F3VJB9" failures="0" tests="6" name="com.crm.qa.testcases.ContactsPageTest" time="75.978" errors="0" timestamp="23 Sep 2019 19:13:25 GMT" skipped="0">
  <testcase classname="com.crm.qa.testcases.ContactsPageTest" name="verifyContactsPageLabel" time="12.245"/>
  <testcase classname="com.crm.qa.testcases.ContactsPageTest" name="selectSingleContactTest" time="11.098"/>
  <testcase classname="com.crm.qa.testcases.ContactsPageTest" name="selectMultipleContactsTest" time="12.318"/>
  <testcase classname="com.crm.qa.testcases.ContactsPageTest" name="validateCreateNewContact" time="13.345"/>
  <testcase classname="com.crm.qa.testcases.ContactsPageTest" name="validateCreateNewContact" time="13.857"/>
  <testcase classname="com.crm.qa.testcases.ContactsPageTest" name="validateCreateNewContact" time="13.115"/>
</testsuite> <!-- com.crm.qa.testcases.ContactsPageTest -->
