<?xml version="1.0" encoding="UTF-8"?>
<!-- Generated by org.testng.reporters.JUnitReportReporter -->
<testsuite hostname="DESKTOP-7F3VJB9" failures="0" tests="3" name="com.crm.qa.testcases.LoginPageTest" time="30.743" errors="0" timestamp="2019-09-24T16:46:53 PDT" skipped="0">
  <testcase classname="com.crm.qa.testcases.LoginPageTest" name="loginPageTitleTest" time="11.820"/>
  <testcase classname="com.crm.qa.testcases.LoginPageTest" name="crmLogoImageTest" time="8.346"/>
  <testcase classname="com.crm.qa.testcases.LoginPageTest" name="loginTest" time="10.577"/>
</testsuite> <!-- com.crm.qa.testcases.LoginPageTest -->
