<?xml version="1.0" encoding="UTF-8"?>
<!-- Generated by org.testng.reporters.JUnitReportReporter -->
<testsuite hostname="DESKTOP-7F3VJB9" failures="0" tests="3" name="com.crm.qa.testcases.LoginPageTest" time="19.229" errors="0" timestamp="19 Sep 2019 18:17:01 GMT" skipped="0">
  <testcase classname="com.crm.qa.testcases.LoginPageTest" name="loginPageTitleTest" time="5.487"/>
  <testcase classname="com.crm.qa.testcases.LoginPageTest" name="crmLogoImageTest" time="6.697"/>
  <testcase classname="com.crm.qa.testcases.LoginPageTest" name="loginTest" time="7.045"/>
</testsuite> <!-- com.crm.qa.testcases.LoginPageTest -->
