<?xml version="1.0" encoding="UTF-8"?>
<!-- Generated by org.testng.reporters.JUnitReportReporter -->
<testsuite hostname="DESKTOP-7F3VJB9" failures="0" tests="3" name="com.crm.qa.testcases.LoginPageTest" time="27.518" errors="0" timestamp="21 Sep 2019 01:48:44 GMT" skipped="0">
  <testcase classname="com.crm.qa.testcases.LoginPageTest" name="loginPageTitleTest" time="9.090"/>
  <testcase classname="com.crm.qa.testcases.LoginPageTest" name="crmLogoImageTest" time="8.550"/>
  <testcase classname="com.crm.qa.testcases.LoginPageTest" name="loginTest" time="9.878"/>
</testsuite> <!-- com.crm.qa.testcases.LoginPageTest -->
